<?xml version="1.0" encoding="UTF-8"?>
<testsuite name="org.jsoup.integration.UrlConnectTest" time="0" tests="1" errors="0" skipped="1" failures="0">
  <properties>
[...]
</properties>
  <testcase name="org.jsoup.integration.UrlConnectTest" classname="org.jsoup.integration.UrlConnectTest" time="0">
    <skipped/>
    <system-out><![CDATA[[DEBUG] stopping org.eclipse.jetty.server.Server@42607a4f
[DEBUG] Graceful shutdown org.eclipse.jetty.server.Server@42607a4f by 
[DEBUG] stopping ServerConnector@587c290d{HTTP/1.1}{0.0.0.0:0}
[DEBUG] flushed 2070 SelectChannelEndPoint@40988c40{/127.0.0.1:32952<->43565,Open,in,out,-,W,22/30000,HttpConnection}{io=0,kio=0,kro=1}
[DEBUG] update WriteFlusher@450b7caf{IDLE}:WRITING-->IDLE
[DEBUG] org.eclipse.jetty.server.HttpConnection$SendCallback@5cb9ec41[PROCESSING][i=ResponseInfo{HTTP/1.1 200 null,-1,false},cb=org.eclipse.jetty.server.HttpChannel$CommitCallback@43b8ffa4] generate: DONE ([p=151,l=151,c=8192,r=0],[p=1919,l=1919,c=32768,r=0],true)@END
[DEBUG] reset HttpParser{s=END,45534 of 45534}
[DEBUG] END --> START
[DEBUG] HttpChannelOverHttp@1f8a96c2{r=17,c=false,a=IDLE,uri=} handle exit, result COMPLETE
[DEBUG] filled 0 SelectChannelEndPoint@40988c40{/127.0.0.1:32952<->43565,Open,in,out,-,-,1/30000,HttpConnection}{io=0,kio=0,kro=1}
[DEBUG] filled 0 SelectChannelEndPoint@40988c40{/127.0.0.1:32952<->43565,Open,in,out,-,-,1/30000,HttpConnection}{io=0,kio=0,kro=1}
[DEBUG] parseNext s=START HeapByteBuffer@66b832eb[p=0,l=0,c=16384,r=0]={<<<>>>/ipod/" class=l o...://www.cnet.com}
[DEBUG] fillInterested HttpConnection@104e4bbd[FILLING,SelectChannelEndPoint@40988c40{/127.0.0.1:32952<->43565,Open,in,out,-,-,2/30000,HttpConnection}{io=0,kio=0,kro=1}][p=HttpParser{s=START,0 of -1},g=HttpGenerator{s=START},c=HttpChannelOverHttp@1f8a96c2{r=17,c=false,a=IDLE,uri=}]
[DEBUG] FILLING-->FILLING_FILL_INTERESTED HttpConnection@104e4bbd[FILLING_FILL_INTERESTED,SelectChannelEndPoint@40988c40{/127.0.0.1:32952<->43565,Open,in,out,-,-,3/30000,HttpConnection}{io=0,kio=0,kro=1}][p=HttpParser{s=START,0 of -1},g=HttpGenerator{s=START},c=HttpChannelOverHttp@1f8a96c2{r=17,c=false,a=IDLE,uri=}]
[DEBUG] FILLING_FILL_INTERESTED-->FILL_INTERESTED HttpConnection@104e4bbd[FILL_INTERESTED,SelectChannelEndPoint@40988c40{/127.0.0.1:32952<->43565,Open,in,out,-,-,3/30000,HttpConnection}{io=0,kio=0,kro=1}][p=HttpParser{s=START,0 of -1},g=HttpGenerator{s=START},c=HttpChannelOverHttp@1f8a96c2{r=17,c=false,a=IDLE,uri=}]
[DEBUG] Local interests updating 0 -> 1 for SelectChannelEndPoint@40988c40{/127.0.0.1:32952<->43565,Open,in,out,R,-,0/30000,HttpConnection}{io=1,kio=0,kro=1}
[DEBUG] stopping org.eclipse.jetty.server.ServerConnector$ServerConnectorManager@16022d9d
[DEBUG] stopping org.eclipse.jetty.io.SelectorManager$ManagedSelector@568bf312 keys=1 selected=0
[DEBUG] Stopping org.eclipse.jetty.io.SelectorManager$ManagedSelector@568bf312 keys=1 selected=0
[DEBUG] Queued change org.eclipse.jetty.io.SelectorManager$ManagedSelector$Stop@2c34f934
[DEBUG] Selector loop woken up from select, 0/1 selected
[DEBUG] Running change org.eclipse.jetty.io.SelectorManager$ManagedSelector$Stop@2c34f934
[DEBUG] onClose SelectChannelEndPoint@40988c40{/127.0.0.1:32952<->43565,CLOSED,in,out,R,-,2/30000,HttpConnection}{io=1,kio=0,kro=1}
[DEBUG] close SelectChannelEndPoint@40988c40{/127.0.0.1:32952<->43565,CLOSED,in,out,-,-,2/30000,HttpConnection}{io=1,kio=0,kro=1}
[DEBUG] FILL_INTERESTED-->IDLE HttpConnection@104e4bbd[IDLE,SelectChannelEndPoint@40988c40{/127.0.0.1:32952<->43565,CLOSED,ISHUT,OSHUT,-,-,3/30000,HttpConnection}{io=1,kio=0,kro=1}][p=HttpParser{s=START,0 of -1},g=HttpGenerator{s=START},c=HttpChannelOverHttp@1f8a96c2{r=17,c=false,a=IDLE,uri=}]
[DEBUG] close HttpParser{s=START,0 of -1}
[DEBUG] START --> CLOSED
[DEBUG] HttpConnection@104e4bbd[IDLE,SelectChannelEndPoint@40988c40{/127.0.0.1:32952<->43565,CLOSED,ISHUT,OSHUT,-,-,3/30000,HttpConnection}{io=1,kio=0,kro=1}][p=HttpParser{s=CLOSED,0 of -1},g=HttpGenerator{s=START},c=HttpChannelOverHttp@1f8a96c2{r=17,c=false,a=IDLE,uri=}] onFillInterestedFailed java.nio.channels.ClosedChannelException
[DEBUG] Destroyed SelectChannelEndPoint@40988c40{/127.0.0.1:32952<->43565,CLOSED,ISHUT,OSHUT,-,-,5/30000,HttpConnection}{io=1,kio=-1,kro=-1}
[DEBUG] onClose HttpConnection@104e4bbd[IDLE,SelectChannelEndPoint@40988c40{/127.0.0.1:32952<->43565,CLOSED,ISHUT,OSHUT,-,-,5/30000,HttpConnection}{io=1,kio=-1,kro=-1}][p=HttpParser{s=CLOSED,0 of -1},g=HttpGenerator{s=START},c=HttpChannelOverHttp@1f8a96c2{r=17,c=false,a=IDLE,uri=}]
[DEBUG] onClose SelectChannelEndPoint@40988c40{/127.0.0.1:32952<->43565,CLOSED,ISHUT,OSHUT,-,-,6/30000,HttpConnection}{io=1,kio=-1,kro=-1}
[DEBUG] Stopped org.eclipse.jetty.io.SelectorManager$ManagedSelector@568bf312 keys=-1 selected=-1
[DEBUG] STOPPED org.eclipse.jetty.io.SelectorManager$ManagedSelector@568bf312 keys=-1 selected=-1
[DEBUG] STOPPED org.eclipse.jetty.server.ServerConnector$ServerConnectorManager@16022d9d
[DEBUG] stopping HttpConnectionFactory@6fb0d3ed{HTTP/1.1}
[DEBUG] STOPPED HttpConnectionFactory@6fb0d3ed{HTTP/1.1}
[DEBUG] stopping org.eclipse.jetty.util.thread.ScheduledExecutorScheduler@68ceda24
[DEBUG] Queued change org.eclipse.jetty.io.SelectChannelEndPoint$1@392fea0d
[DEBUG] STOPPED org.eclipse.jetty.util.thread.ScheduledExecutorScheduler@68ceda24
[INFO] Stopped ServerConnector@587c290d{HTTP/1.1}{0.0.0.0:0}
[DEBUG] STOPPED ServerConnector@587c290d{HTTP/1.1}{0.0.0.0:0}
[DEBUG] stopping org.eclipse.jetty.server.Server@42607a4f
[DEBUG] stopping org.eclipse.jetty.servlet.ServletHandler@27fe3806
[DEBUG] stopping org.eclipse.jetty.servlet.ServletHandler@27fe3806
[DEBUG] Running change org.eclipse.jetty.io.SelectChannelEndPoint$1@392fea0d
[DEBUG] Stopped Thread[qtp209833425-11-selector-ServerConnectorManager@16022d9d/0,5,main] on org.eclipse.jetty.io.SelectorManager$ManagedSelector@568bf312 keys=-1 selected=-1
[DEBUG] stopping org.jsoup.integration.servlets.HelloServlet-25b485ba@4f410b1c==org.jsoup.integration.servlets.HelloServlet,-1,true
[DEBUG] STOPPED org.jsoup.integration.servlets.HelloServlet-25b485ba@4f410b1c==org.jsoup.integration.servlets.HelloServlet,-1,false
[DEBUG] stopping org.jsoup.integration.servlets.Deflateservlet-75c072cb@ea906389==org.jsoup.integration.servlets.Deflateservlet,-1,true
[DEBUG] STOPPED org.jsoup.integration.servlets.Deflateservlet-75c072cb@ea906389==org.jsoup.integration.servlets.Deflateservlet,-1,false
[DEBUG] stopping org.jsoup.integration.servlets.EchoServlet-1b083826@14a24b1e==org.jsoup.integration.servlets.EchoServlet,-1,true
[DEBUG] STOPPED org.jsoup.integration.servlets.EchoServlet-1b083826@14a24b1e==org.jsoup.integration.servlets.EchoServlet,-1,false
[DEBUG] stopping org.eclipse.jetty.servlet.ServletHandler$Default404Servlet-62fdb4a6@4f5cac95==org.eclipse.jetty.servlet.ServletHandler$Default404Servlet,-1,false
[DEBUG] STOPPED org.eclipse.jetty.servlet.ServletHandler$Default404Servlet-62fdb4a6@4f5cac95==org.eclipse.jetty.servlet.ServletHandler$Default404Servlet,-1,false
[DEBUG] STOPPED org.eclipse.jetty.servlet.ServletHandler@27fe3806
[DEBUG] stopping qtp209833425{STARTED,8<=8<=200,i=8,q=0}
[DEBUG] STOPPED qtp209833425{STOPPED,8<=8<=200,i=0,q=0}
[DEBUG] STOPPED org.eclipse.jetty.server.Server@42607a4f
]]></system-out>
  </testcase>
</testsuite>